<?xml version="1.0" encoding="UTF-8"?>
<testng-results skipped="0" failed="0" ignored="0" total="0" passed="0">
  <reporter-output>
  </reporter-output>
  <suite name="softwaretestingmaterial" duration-ms="264" started-at="2020-02-05T08:23:32Z" finished-at="2020-02-05T08:23:32Z">
    <groups>
    </groups>
    <test name="testngTest" duration-ms="264" started-at="2020-02-05T08:23:32Z" finished-at="2020-02-05T08:23:32Z">
    </test> <!-- testngTest -->
  </suite> <!-- softwaretestingmaterial -->
</testng-results>
